<?xml version="1.0" encoding="UTF-8"?>
<!-- Generated by org.testng.reporters.JUnitReportReporter -->
<testsuite hostname="DESKTOP-DB82FI2" failures="0" tests="3" name="com.freecrm.testcases.homePageTest" time="86.638" errors="0" timestamp="2025-01-12T14:06:28 EET" skipped="0">
  <testcase classname="com.freecrm.testcases.homePageTest" name="openContactsTest" time="29.769"/>
  <testcase classname="com.freecrm.testcases.homePageTest" name="openDealsTest" time="29.522"/>
  <testcase classname="com.freecrm.testcases.homePageTest" name="openTasksTest" time="27.347"/>
</testsuite> <!-- com.freecrm.testcases.homePageTest -->
