<?xml version="1.0" encoding="UTF-8"?>
<!-- Generated by org.testng.reporters.JUnitReportReporter -->
<testsuite hostname="DESKTOP-DB82FI2" failures="0" tests="3" name="com.freecrm.testcases.contactsPageTest" time="118.303" errors="0" timestamp="2025-01-12T18:30:47 EET" skipped="0">
  <testcase classname="com.freecrm.testcases.contactsPageTest" name="newContactTest" time="45.006"/>
  <testcase classname="com.freecrm.testcases.contactsPageTest" name="newContactTest" time="33.803"/>
  <testcase classname="com.freecrm.testcases.contactsPageTest" name="newContactTest" time="39.494"/>
</testsuite> <!-- com.freecrm.testcases.contactsPageTest -->
