<?xml version="1.0" encoding="UTF-8"?>
<!-- Generated by org.testng.reporters.JUnitReportReporter -->
<testsuite hostname="DESKTOP-DB82FI2" failures="0" tests="1" name="com.freecrm.testcases.loginPageTest" time="14.240" errors="0" timestamp="2025-01-12T15:36:05 EET" skipped="0">
  <testcase classname="com.freecrm.testcases.loginPageTest" name="logoTest" time="14.240"/>
</testsuite> <!-- com.freecrm.testcases.loginPageTest -->
